2015-07-04 07:36:42.735 xcodebuild[94540:640088] [MT] PluginLoading: Required plug-in compatibility UUID E969541F-E6F9-4D25-8158-72DC3545A6C6 for plug-in at path '~/Library/Application Support/Developer/Shared/Xcode/Plug-ins/XprobePlugin.xcplugin' not present in DVTPlugInCompatibilityUUIDs
2015-07-04 07:36:42.736 xcodebuild[94540:640088] [MT] PluginLoading: Required plug-in compatibility UUID E969541F-E6F9-4D25-8158-72DC3545A6C6 for plug-in at path '~/Library/Application Support/Developer/Shared/Xcode/Plug-ins/XcodeBoost.xcplugin' not present in DVTPlugInCompatibilityUUIDs
2015-07-04 07:36:42.737 xcodebuild[94540:640088] [MT] PluginLoading: Required plug-in compatibility UUID E969541F-E6F9-4D25-8158-72DC3545A6C6 for plug-in at path '~/Library/Application Support/Developer/Shared/Xcode/Plug-ins/xcfui.xcplugin' not present in DVTPlugInCompatibilityUUIDs
2015-07-04 07:36:42.737 xcodebuild[94540:640088] [MT] PluginLoading: Required plug-in compatibility UUID E969541F-E6F9-4D25-8158-72DC3545A6C6 for plug-in at path '~/Library/Application Support/Developer/Shared/Xcode/Plug-ins/XcAddedMarkup.xcplugin' not present in DVTPlugInCompatibilityUUIDs
2015-07-04 07:36:42.738 xcodebuild[94540:640088] [MT] PluginLoading: Required plug-in compatibility UUID E969541F-E6F9-4D25-8158-72DC3545A6C6 for plug-in at path '~/Library/Application Support/Developer/Shared/Xcode/Plug-ins/XAlign.xcplugin' not present in DVTPlugInCompatibilityUUIDs
2015-07-04 07:36:42.739 xcodebuild[94540:640088] [MT] PluginLoading: Required plug-in compatibility UUID E969541F-E6F9-4D25-8158-72DC3545A6C6 for plug-in at path '~/Library/Application Support/Developer/Shared/Xcode/Plug-ins/VVDocumenter-Xcode.xcplugin' not present in DVTPlugInCompatibilityUUIDs
2015-07-04 07:36:42.739 xcodebuild[94540:640088] [MT] PluginLoading: Required plug-in compatibility UUID E969541F-E6F9-4D25-8158-72DC3545A6C6 for plug-in at path '~/Library/Application Support/Developer/Shared/Xcode/Plug-ins/Unity4XC.xcplugin' not present in DVTPlugInCompatibilityUUIDs
2015-07-04 07:36:42.740 xcodebuild[94540:640088] [MT] PluginLoading: Required plug-in compatibility UUID E969541F-E6F9-4D25-8158-72DC3545A6C6 for plug-in at path '~/Library/Application Support/Developer/Shared/Xcode/Plug-ins/OMColorSense.xcplugin' not present in DVTPlugInCompatibilityUUIDs
2015-07-04 07:36:42.740 xcodebuild[94540:640088] [MT] PluginLoading: Required plug-in compatibility UUID E969541F-E6F9-4D25-8158-72DC3545A6C6 for plug-in at path '~/Library/Application Support/Developer/Shared/Xcode/Plug-ins/OFPlugin.xcplugin' not present in DVTPlugInCompatibilityUUIDs
2015-07-04 07:36:42.741 xcodebuild[94540:640088] [MT] PluginLoading: Required plug-in compatibility UUID E969541F-E6F9-4D25-8158-72DC3545A6C6 for plug-in at path '~/Library/Application Support/Developer/Shared/Xcode/Plug-ins/MCLog.xcplugin' not present in DVTPlugInCompatibilityUUIDs
2015-07-04 07:36:42.741 xcodebuild[94540:640088] [MT] PluginLoading: Required plug-in compatibility UUID E969541F-E6F9-4D25-8158-72DC3545A6C6 for plug-in at path '~/Library/Application Support/Developer/Shared/Xcode/Plug-ins/KSImageNamed.xcplugin' not present in DVTPlugInCompatibilityUUIDs
2015-07-04 07:36:42.742 xcodebuild[94540:640088] [MT] PluginLoading: Required plug-in compatibility UUID E969541F-E6F9-4D25-8158-72DC3545A6C6 for plug-in at path '~/Library/Application Support/Developer/Shared/Xcode/Plug-ins/IntelliPaste.xcplugin' not present in DVTPlugInCompatibilityUUIDs
2015-07-04 07:36:42.742 xcodebuild[94540:640088] [MT] PluginLoading: Required plug-in compatibility UUID E969541F-E6F9-4D25-8158-72DC3545A6C6 for plug-in at path '~/Library/Application Support/Developer/Shared/Xcode/Plug-ins/InjectionPlugin.xcplugin' not present in DVTPlugInCompatibilityUUIDs
2015-07-04 07:36:42.743 xcodebuild[94540:640088] [MT] PluginLoading: Required plug-in compatibility UUID E969541F-E6F9-4D25-8158-72DC3545A6C6 for plug-in at path '~/Library/Application Support/Developer/Shared/Xcode/Plug-ins/HOStringSense.xcplugin' not present in DVTPlugInCompatibilityUUIDs
2015-07-04 07:36:42.743 xcodebuild[94540:640088] [MT] PluginLoading: Required plug-in compatibility UUID E969541F-E6F9-4D25-8158-72DC3545A6C6 for plug-in at path '~/Library/Application Support/Developer/Shared/Xcode/Plug-ins/FuzzyAutocomplete.xcplugin' not present in DVTPlugInCompatibilityUUIDs
2015-07-04 07:36:42.744 xcodebuild[94540:640088] [MT] PluginLoading: Required plug-in compatibility UUID E969541F-E6F9-4D25-8158-72DC3545A6C6 for plug-in at path '~/Library/Application Support/Developer/Shared/Xcode/Plug-ins/DerivedData Exterminator.xcplugin' not present in DVTPlugInCompatibilityUUIDs
2015-07-04 07:36:42.744 xcodebuild[94540:640088] [MT] PluginLoading: Required plug-in compatibility UUID E969541F-E6F9-4D25-8158-72DC3545A6C6 for plug-in at path '~/Library/Application Support/Developer/Shared/Xcode/Plug-ins/CocoaPodUI.xcplugin' not present in DVTPlugInCompatibilityUUIDs
2015-07-04 07:36:42.745 xcodebuild[94540:640088] Failed to load plugin at: /Users/ShinnosukeKomiya/Library/Application Support/Developer/Shared/Xcode/Plug-ins/CocoaPodUI.xcplugin, skipping.  Reason for failure: *** -[__NSPlaceholderDictionary initWithObjects:forKeys:count:]: attempt to insert nil object from objects[0]
2015-07-04 07:36:42.745 xcodebuild[94540:640088] [MT] PluginLoading: Required plug-in compatibility UUID E969541F-E6F9-4D25-8158-72DC3545A6C6 for plug-in at path '~/Library/Application Support/Developer/Shared/Xcode/Plug-ins/CocoaPods.xcplugin' not present in DVTPlugInCompatibilityUUIDs
2015-07-04 07:36:42.746 xcodebuild[94540:640088] [MT] PluginLoading: Required plug-in compatibility UUID E969541F-E6F9-4D25-8158-72DC3545A6C6 for plug-in at path '~/Library/Application Support/Developer/Shared/Xcode/Plug-ins/CocoaControlsPlugin.xcplugin' not present in DVTPlugInCompatibilityUUIDs
2015-07-04 07:36:42.746 xcodebuild[94540:640088] [MT] PluginLoading: Required plug-in compatibility UUID E969541F-E6F9-4D25-8158-72DC3545A6C6 for plug-in at path '~/Library/Application Support/Developer/Shared/Xcode/Plug-ins/Alcatraz.xcplugin' not present in DVTPlugInCompatibilityUUIDs
In file included from ../src/bufferutil.cc:15:
../node_modules/nan/nan.h:207:68: error: too many arguments to function call, expected at most 2, have 4
    return v8::Signature::New(v8::Isolate::GetCurrent(), receiver, argc, argv);
           ~~~~~~~~~~~~~~~~~~                                      ^~~~~~~~~~
/Users/ShinnosukeKomiya/.node-gyp/2.3.0/deps/v8/include/v8.h:4188:3: note: 'New' declared here
  static Local<Signature> New(
  ^
../src/bufferutil.cc:32:17: warning: 'NanSymbol' is deprecated [-Wdeprecated-declarations]
    target->Set(NanSymbol("BufferUtil"), t->GetFunction());
                ^
../node_modules/nan/nan.h:616:51: note: 'NanSymbol' has been explicitly marked deprecated here
  NAN_DEPRECATED NAN_INLINE v8::Local<v8::String> NanSymbol(
                                                  ^
1 warning and 1 error generated.
make: *** [Release/obj.target/bufferutil/src/bufferutil.o] Error 1
gyp ERR! build error 
gyp ERR! stack Error: `make` failed with exit code: 2
gyp ERR! stack     at ChildProcess.onExit (/Users/ShinnosukeKomiya/.nodebrew/iojs/v2.3.0/lib/node_modules/npm/node_modules/node-gyp/lib/build.js:269:23)
gyp ERR! stack     at emitTwo (events.js:87:13)
gyp ERR! stack     at ChildProcess.emit (events.js:172:7)
gyp ERR! stack     at Process.ChildProcess._handle.onexit (internal/child_process.js:200:12)
gyp ERR! System Darwin 14.4.0
gyp ERR! command "/Users/ShinnosukeKomiya/.nodebrew/iojs/v2.3.0/bin/iojs" "/Users/ShinnosukeKomiya/.nodebrew/iojs/v2.3.0/lib/node_modules/npm/node_modules/node-gyp/bin/node-gyp.js" "rebuild"
gyp ERR! cwd /Users/ShinnosukeKomiya/Dropbox/wtnvProject/cansatmapping/code/node_modules/browser-sync/node_modules/socket.io/node_modules/engine.io/node_modules/ws
gyp ERR! node -v v2.3.0
gyp ERR! node-gyp -v v2.0.1
gyp ERR! not ok 
