2015-07-04 07:36:44.884 xcodebuild[94585:640174] [MT] PluginLoading: Required plug-in compatibility UUID E969541F-E6F9-4D25-8158-72DC3545A6C6 for plug-in at path '~/Library/Application Support/Developer/Shared/Xcode/Plug-ins/XprobePlugin.xcplugin' not present in DVTPlugInCompatibilityUUIDs
2015-07-04 07:36:44.885 xcodebuild[94585:640174] [MT] PluginLoading: Required plug-in compatibility UUID E969541F-E6F9-4D25-8158-72DC3545A6C6 for plug-in at path '~/Library/Application Support/Developer/Shared/Xcode/Plug-ins/XcodeBoost.xcplugin' not present in DVTPlugInCompatibilityUUIDs
2015-07-04 07:36:44.885 xcodebuild[94585:640174] [MT] PluginLoading: Required plug-in compatibility UUID E969541F-E6F9-4D25-8158-72DC3545A6C6 for plug-in at path '~/Library/Application Support/Developer/Shared/Xcode/Plug-ins/xcfui.xcplugin' not present in DVTPlugInCompatibilityUUIDs
2015-07-04 07:36:44.886 xcodebuild[94585:640174] [MT] PluginLoading: Required plug-in compatibility UUID E969541F-E6F9-4D25-8158-72DC3545A6C6 for plug-in at path '~/Library/Application Support/Developer/Shared/Xcode/Plug-ins/XcAddedMarkup.xcplugin' not present in DVTPlugInCompatibilityUUIDs
2015-07-04 07:36:44.887 xcodebuild[94585:640174] [MT] PluginLoading: Required plug-in compatibility UUID E969541F-E6F9-4D25-8158-72DC3545A6C6 for plug-in at path '~/Library/Application Support/Developer/Shared/Xcode/Plug-ins/XAlign.xcplugin' not present in DVTPlugInCompatibilityUUIDs
2015-07-04 07:36:44.887 xcodebuild[94585:640174] [MT] PluginLoading: Required plug-in compatibility UUID E969541F-E6F9-4D25-8158-72DC3545A6C6 for plug-in at path '~/Library/Application Support/Developer/Shared/Xcode/Plug-ins/VVDocumenter-Xcode.xcplugin' not present in DVTPlugInCompatibilityUUIDs
2015-07-04 07:36:44.888 xcodebuild[94585:640174] [MT] PluginLoading: Required plug-in compatibility UUID E969541F-E6F9-4D25-8158-72DC3545A6C6 for plug-in at path '~/Library/Application Support/Developer/Shared/Xcode/Plug-ins/Unity4XC.xcplugin' not present in DVTPlugInCompatibilityUUIDs
2015-07-04 07:36:44.889 xcodebuild[94585:640174] [MT] PluginLoading: Required plug-in compatibility UUID E969541F-E6F9-4D25-8158-72DC3545A6C6 for plug-in at path '~/Library/Application Support/Developer/Shared/Xcode/Plug-ins/OMColorSense.xcplugin' not present in DVTPlugInCompatibilityUUIDs
2015-07-04 07:36:44.889 xcodebuild[94585:640174] [MT] PluginLoading: Required plug-in compatibility UUID E969541F-E6F9-4D25-8158-72DC3545A6C6 for plug-in at path '~/Library/Application Support/Developer/Shared/Xcode/Plug-ins/OFPlugin.xcplugin' not present in DVTPlugInCompatibilityUUIDs
2015-07-04 07:36:44.890 xcodebuild[94585:640174] [MT] PluginLoading: Required plug-in compatibility UUID E969541F-E6F9-4D25-8158-72DC3545A6C6 for plug-in at path '~/Library/Application Support/Developer/Shared/Xcode/Plug-ins/MCLog.xcplugin' not present in DVTPlugInCompatibilityUUIDs
2015-07-04 07:36:44.891 xcodebuild[94585:640174] [MT] PluginLoading: Required plug-in compatibility UUID E969541F-E6F9-4D25-8158-72DC3545A6C6 for plug-in at path '~/Library/Application Support/Developer/Shared/Xcode/Plug-ins/KSImageNamed.xcplugin' not present in DVTPlugInCompatibilityUUIDs
2015-07-04 07:36:44.892 xcodebuild[94585:640174] [MT] PluginLoading: Required plug-in compatibility UUID E969541F-E6F9-4D25-8158-72DC3545A6C6 for plug-in at path '~/Library/Application Support/Developer/Shared/Xcode/Plug-ins/IntelliPaste.xcplugin' not present in DVTPlugInCompatibilityUUIDs
2015-07-04 07:36:44.892 xcodebuild[94585:640174] [MT] PluginLoading: Required plug-in compatibility UUID E969541F-E6F9-4D25-8158-72DC3545A6C6 for plug-in at path '~/Library/Application Support/Developer/Shared/Xcode/Plug-ins/InjectionPlugin.xcplugin' not present in DVTPlugInCompatibilityUUIDs
2015-07-04 07:36:44.893 xcodebuild[94585:640174] [MT] PluginLoading: Required plug-in compatibility UUID E969541F-E6F9-4D25-8158-72DC3545A6C6 for plug-in at path '~/Library/Application Support/Developer/Shared/Xcode/Plug-ins/HOStringSense.xcplugin' not present in DVTPlugInCompatibilityUUIDs
2015-07-04 07:36:44.894 xcodebuild[94585:640174] [MT] PluginLoading: Required plug-in compatibility UUID E969541F-E6F9-4D25-8158-72DC3545A6C6 for plug-in at path '~/Library/Application Support/Developer/Shared/Xcode/Plug-ins/FuzzyAutocomplete.xcplugin' not present in DVTPlugInCompatibilityUUIDs
2015-07-04 07:36:44.895 xcodebuild[94585:640174] [MT] PluginLoading: Required plug-in compatibility UUID E969541F-E6F9-4D25-8158-72DC3545A6C6 for plug-in at path '~/Library/Application Support/Developer/Shared/Xcode/Plug-ins/DerivedData Exterminator.xcplugin' not present in DVTPlugInCompatibilityUUIDs
2015-07-04 07:36:44.896 xcodebuild[94585:640174] [MT] PluginLoading: Required plug-in compatibility UUID E969541F-E6F9-4D25-8158-72DC3545A6C6 for plug-in at path '~/Library/Application Support/Developer/Shared/Xcode/Plug-ins/CocoaPodUI.xcplugin' not present in DVTPlugInCompatibilityUUIDs
2015-07-04 07:36:44.896 xcodebuild[94585:640174] Failed to load plugin at: /Users/ShinnosukeKomiya/Library/Application Support/Developer/Shared/Xcode/Plug-ins/CocoaPodUI.xcplugin, skipping.  Reason for failure: *** -[__NSPlaceholderDictionary initWithObjects:forKeys:count:]: attempt to insert nil object from objects[0]
2015-07-04 07:36:44.897 xcodebuild[94585:640174] [MT] PluginLoading: Required plug-in compatibility UUID E969541F-E6F9-4D25-8158-72DC3545A6C6 for plug-in at path '~/Library/Application Support/Developer/Shared/Xcode/Plug-ins/CocoaPods.xcplugin' not present in DVTPlugInCompatibilityUUIDs
2015-07-04 07:36:44.898 xcodebuild[94585:640174] [MT] PluginLoading: Required plug-in compatibility UUID E969541F-E6F9-4D25-8158-72DC3545A6C6 for plug-in at path '~/Library/Application Support/Developer/Shared/Xcode/Plug-ins/CocoaControlsPlugin.xcplugin' not present in DVTPlugInCompatibilityUUIDs
2015-07-04 07:36:44.899 xcodebuild[94585:640174] [MT] PluginLoading: Required plug-in compatibility UUID E969541F-E6F9-4D25-8158-72DC3545A6C6 for plug-in at path '~/Library/Application Support/Developer/Shared/Xcode/Plug-ins/Alcatraz.xcplugin' not present in DVTPlugInCompatibilityUUIDs
In file included from ../src/bufferutil.cc:15:
/Users/ShinnosukeKomiya/Dropbox/wtnvProject/cansatmapping/code/node_modules/browser-sync/node_modules/socket.io/node_modules/socket.io-client/node_modules/engine.io-client/node_modules/ws/node_modules/nan/nan.h:213:5: error: no member named 'ThrowException' in namespace 'v8'
    _NAN_THROW_ERROR(v8::Exception::Error, errmsg);
    ^~~~~~~~~~~~~~~~~~~~~~~~~~~~~~~~~~~~~~~~~~~~~~
/Users/ShinnosukeKomiya/Dropbox/wtnvProject/cansatmapping/code/node_modules/browser-sync/node_modules/socket.io/node_modules/socket.io-client/node_modules/engine.io-client/node_modules/ws/node_modules/nan/nan.h:209:11: note: expanded from macro '_NAN_THROW_ERROR'
      v8::ThrowException(fun(v8::String::New(errmsg)));                        \
      ~~~~^
/Users/ShinnosukeKomiya/Dropbox/wtnvProject/cansatmapping/code/node_modules/browser-sync/node_modules/socket.io/node_modules/socket.io-client/node_modules/engine.io-client/node_modules/ws/node_modules/nan/nan.h:213:5: error: no member named 'New' in 'v8::String'
    _NAN_THROW_ERROR(v8::Exception::Error, errmsg);
    ^~~~~~~~~~~~~~~~~~~~~~~~~~~~~~~~~~~~~~~~~~~~~~
/Users/ShinnosukeKomiya/Dropbox/wtnvProject/cansatmapping/code/node_modules/browser-sync/node_modules/socket.io/node_modules/socket.io-client/node_modules/engine.io-client/node_modules/ws/node_modules/nan/nan.h:209:42: note: expanded from macro '_NAN_THROW_ERROR'
      v8::ThrowException(fun(v8::String::New(errmsg)));                        \
                             ~~~~~~~~~~~~^
/Users/ShinnosukeKomiya/Dropbox/wtnvProject/cansatmapping/code/node_modules/browser-sync/node_modules/socket.io/node_modules/socket.io-client/node_modules/engine.io-client/node_modules/ws/node_modules/nan/nan.h:218:9: error: no type named 'ThrowException' in namespace 'v8'
    v8::ThrowException(error);
    ~~~~^
/Users/ShinnosukeKomiya/Dropbox/wtnvProject/cansatmapping/code/node_modules/browser-sync/node_modules/socket.io/node_modules/socket.io-client/node_modules/engine.io-client/node_modules/ws/node_modules/nan/nan.h:222:65: error: no member named 'New' in 'v8::String'
    v8::Local<v8::Value> err = v8::Exception::Error(v8::String::New(msg));
                                                    ~~~~~~~~~~~~^
/Users/ShinnosukeKomiya/Dropbox/wtnvProject/cansatmapping/code/node_modules/browser-sync/node_modules/socket.io/node_modules/socket.io-client/node_modules/engine.io-client/node_modules/ws/node_modules/nan/nan.h:224:26: error: no member named 'New' in 'v8::String'
    obj->Set(v8::String::New("code"), v8::Int32::New(errorNumber));
             ~~~~~~~~~~~~^
/Users/ShinnosukeKomiya/Dropbox/wtnvProject/cansatmapping/code/node_modules/browser-sync/node_modules/socket.io/node_modules/socket.io-client/node_modules/engine.io-client/node_modules/ws/node_modules/nan/nan.h:224:65: error: too few arguments to function call, expected 2, have 1
    obj->Set(v8::String::New("code"), v8::Int32::New(errorNumber));
                                      ~~~~~~~~~~~~~~            ^
/Users/ShinnosukeKomiya/.node-gyp/2.3.0/deps/v8/include/v8.h:2367:3: note: 'New' declared here
  static Local<Integer> New(Isolate* isolate, int32_t value);
  ^
In file included from ../src/bufferutil.cc:15:
/Users/ShinnosukeKomiya/Dropbox/wtnvProject/cansatmapping/code/node_modules/browser-sync/node_modules/socket.io/node_modules/socket.io-client/node_modules/engine.io-client/node_modules/ws/node_modules/nan/nan.h:229:5: error: no member named 'ThrowException' in namespace 'v8'
    _NAN_THROW_ERROR(v8::Exception::TypeError, errmsg);
    ^~~~~~~~~~~~~~~~~~~~~~~~~~~~~~~~~~~~~~~~~~~~~~~~~~
/Users/ShinnosukeKomiya/Dropbox/wtnvProject/cansatmapping/code/node_modules/browser-sync/node_modules/socket.io/node_modules/socket.io-client/node_modules/engine.io-client/node_modules/ws/node_modules/nan/nan.h:209:11: note: expanded from macro '_NAN_THROW_ERROR'
      v8::ThrowException(fun(v8::String::New(errmsg)));                        \
      ~~~~^
/Users/ShinnosukeKomiya/Dropbox/wtnvProject/cansatmapping/code/node_modules/browser-sync/node_modules/socket.io/node_modules/socket.io-client/node_modules/engine.io-client/node_modules/ws/node_modules/nan/nan.h:229:5: error: no member named 'New' in 'v8::String'
    _NAN_THROW_ERROR(v8::Exception::TypeError, errmsg);
    ^~~~~~~~~~~~~~~~~~~~~~~~~~~~~~~~~~~~~~~~~~~~~~~~~~
/Users/ShinnosukeKomiya/Dropbox/wtnvProject/cansatmapping/code/node_modules/browser-sync/node_modules/socket.io/node_modules/socket.io-client/node_modules/engine.io-client/node_modules/ws/node_modules/nan/nan.h:209:42: note: expanded from macro '_NAN_THROW_ERROR'
      v8::ThrowException(fun(v8::String::New(errmsg)));                        \
                             ~~~~~~~~~~~~^
/Users/ShinnosukeKomiya/Dropbox/wtnvProject/cansatmapping/code/node_modules/browser-sync/node_modules/socket.io/node_modules/socket.io-client/node_modules/engine.io-client/node_modules/ws/node_modules/nan/nan.h:233:5: error: no member named 'ThrowException' in namespace 'v8'
    _NAN_THROW_ERROR(v8::Exception::RangeError, errmsg);
    ^~~~~~~~~~~~~~~~~~~~~~~~~~~~~~~~~~~~~~~~~~~~~~~~~~~
/Users/ShinnosukeKomiya/Dropbox/wtnvProject/cansatmapping/code/node_modules/browser-sync/node_modules/socket.io/node_modules/socket.io-client/node_modules/engine.io-client/node_modules/ws/node_modules/nan/nan.h:209:11: note: expanded from macro '_NAN_THROW_ERROR'
      v8::ThrowException(fun(v8::String::New(errmsg)));                        \
      ~~~~^
/Users/ShinnosukeKomiya/Dropbox/wtnvProject/cansatmapping/code/node_modules/browser-sync/node_modules/socket.io/node_modules/socket.io-client/node_modules/engine.io-client/node_modules/ws/node_modules/nan/nan.h:233:5: error: no member named 'New' in 'v8::String'
    _NAN_THROW_ERROR(v8::Exception::RangeError, errmsg);
    ^~~~~~~~~~~~~~~~~~~~~~~~~~~~~~~~~~~~~~~~~~~~~~~~~~~
/Users/ShinnosukeKomiya/Dropbox/wtnvProject/cansatmapping/code/node_modules/browser-sync/node_modules/socket.io/node_modules/socket.io-client/node_modules/engine.io-client/node_modules/ws/node_modules/nan/nan.h:209:42: note: expanded from macro '_NAN_THROW_ERROR'
      v8::ThrowException(fun(v8::String::New(errmsg)));                        \
                             ~~~~~~~~~~~~^
/Users/ShinnosukeKomiya/Dropbox/wtnvProject/cansatmapping/code/node_modules/browser-sync/node_modules/socket.io/node_modules/socket.io-client/node_modules/engine.io-client/node_modules/ws/node_modules/nan/nan.h:246:26: warning: 'New' is deprecated: Use New(isolate, ...) [-Wdeprecated-declarations]
    return node::Buffer::New(data, length, callback, hint);
                         ^
/Users/ShinnosukeKomiya/.node-gyp/2.3.0/src/node_buffer.h:55:46: note: 'New' has been explicitly marked deprecated here
                inline v8::Local<v8::Object> New(char* data,
                                             ^
/Users/ShinnosukeKomiya/.node-gyp/2.3.0/src/node.h:66:42: note: expanded from macro 'NODE_DEPRECATED'
    __attribute__((deprecated(message))) declarator
                                         ^
In file included from ../src/bufferutil.cc:15:
/Users/ShinnosukeKomiya/Dropbox/wtnvProject/cansatmapping/code/node_modules/browser-sync/node_modules/socket.io/node_modules/socket.io-client/node_modules/engine.io-client/node_modules/ws/node_modules/nan/nan.h:251:26: warning: 'New' is deprecated: Use New(isolate, ...) [-Wdeprecated-declarations]
    return node::Buffer::New(data, size);
                         ^
/Users/ShinnosukeKomiya/.node-gyp/2.3.0/src/node_buffer.h:45:46: note: 'New' has been explicitly marked deprecated here
                inline v8::Local<v8::Object> New(const char* data, size_t len) {
                                             ^
/Users/ShinnosukeKomiya/.node-gyp/2.3.0/src/node.h:66:42: note: expanded from macro 'NODE_DEPRECATED'
    __attribute__((deprecated(message))) declarator
                                         ^
In file included from ../src/bufferutil.cc:15:
/Users/ShinnosukeKomiya/Dropbox/wtnvProject/cansatmapping/code/node_modules/browser-sync/node_modules/socket.io/node_modules/socket.io-client/node_modules/engine.io-client/node_modules/ws/node_modules/nan/nan.h:255:26: warning: 'New' is deprecated: Use New(isolate, ...) [-Wdeprecated-declarations]
    return node::Buffer::New(size);
                         ^
/Users/ShinnosukeKomiya/.node-gyp/2.3.0/src/node_buffer.h:27:46: note: 'New' has been explicitly marked deprecated here
                inline v8::Local<v8::Object> New(size_t length) {
                                             ^
/Users/ShinnosukeKomiya/.node-gyp/2.3.0/src/node.h:66:42: note: expanded from macro 'NODE_DEPRECATED'
    __attribute__((deprecated(message))) declarator
                                         ^
In file included from ../src/bufferutil.cc:15:
/Users/ShinnosukeKomiya/Dropbox/wtnvProject/cansatmapping/code/node_modules/browser-sync/node_modules/socket.io/node_modules/socket.io-client/node_modules/engine.io-client/node_modules/ws/node_modules/nan/nan.h:259:26: warning: 'Use' is deprecated: Use Use(isolate, ...) [-Wdeprecated-declarations]
    return node::Buffer::Use(data, size);
                         ^
/Users/ShinnosukeKomiya/.node-gyp/2.3.0/src/node_buffer.h:68:46: note: 'Use' has been explicitly marked deprecated here
                inline v8::Local<v8::Object> Use(char* data, uint32_t len) {
                                             ^
/Users/ShinnosukeKomiya/.node-gyp/2.3.0/src/node.h:66:42: note: expanded from macro 'NODE_DEPRECATED'
    __attribute__((deprecated(message))) declarator
                                         ^
In file included from ../src/bufferutil.cc:15:
/Users/ShinnosukeKomiya/Dropbox/wtnvProject/cansatmapping/code/node_modules/browser-sync/node_modules/socket.io/node_modules/socket.io-client/node_modules/engine.io-client/node_modules/ws/node_modules/nan/nan.h:450:49: error: too few arguments to function call, single argument 'isolate' was not specified
    v8::Local<v8::Object> obj = v8::Object::New();
                                ~~~~~~~~~~~~~~~ ^
/Users/ShinnosukeKomiya/.node-gyp/2.3.0/deps/v8/include/v8.h:2742:3: note: 'New' declared here
  static Local<Object> New(Isolate* isolate);
  ^
In file included from ../src/bufferutil.cc:15:
/Users/ShinnosukeKomiya/Dropbox/wtnvProject/cansatmapping/code/node_modules/browser-sync/node_modules/socket.io/node_modules/socket.io-client/node_modules/engine.io-client/node_modules/ws/node_modules/nan/nan.h:451:14: error: no member named 'NewSymbol' in 'v8::String'; did you mean 'IsSymbol'?
    obj->Set(NanSymbol("callback"), fn);
             ^~~~~~~~~~~~~~~~~~~~~
/Users/ShinnosukeKomiya/Dropbox/wtnvProject/cansatmapping/code/node_modules/browser-sync/node_modules/socket.io/node_modules/socket.io-client/node_modules/engine.io-client/node_modules/ws/node_modules/nan/nan.h:103:38: note: expanded from macro 'NanSymbol'
#define NanSymbol(value) v8::String::NewSymbol(value)
                         ~~~~~~~~~~~~^
/Users/ShinnosukeKomiya/.node-gyp/2.3.0/deps/v8/include/v8.h:1652:8: note: 'IsSymbol' declared here
  bool IsSymbol() const;
       ^
In file included from ../src/bufferutil.cc:15:
/Users/ShinnosukeKomiya/Dropbox/wtnvProject/cansatmapping/code/node_modules/browser-sync/node_modules/socket.io/node_modules/socket.io-client/node_modules/engine.io-client/node_modules/ws/node_modules/nan/nan.h:451:14: error: call to non-static member function without an object argument
    obj->Set(NanSymbol("callback"), fn);
             ^~~~~~~~~~~~~~~~~~~~~
/Users/ShinnosukeKomiya/Dropbox/wtnvProject/cansatmapping/code/node_modules/browser-sync/node_modules/socket.io/node_modules/socket.io-client/node_modules/engine.io-client/node_modules/ws/node_modules/nan/nan.h:103:38: note: expanded from macro 'NanSymbol'
#define NanSymbol(value) v8::String::NewSymbol(value)
                         ~~~~~~~~~~~~^~~~~~~~~
/Users/ShinnosukeKomiya/Dropbox/wtnvProject/cansatmapping/code/node_modules/browser-sync/node_modules/socket.io/node_modules/socket.io-client/node_modules/engine.io-client/node_modules/ws/node_modules/nan/nan.h:457:12: error: no member named 'Dispose' in 'v8::Persistent<v8::Object, v8::NonCopyablePersistentTraits<v8::Object> >'
    handle.Dispose();
    ~~~~~~ ^
/Users/ShinnosukeKomiya/Dropbox/wtnvProject/cansatmapping/code/node_modules/browser-sync/node_modules/socket.io/node_modules/socket.io-client/node_modules/engine.io-client/node_modules/ws/node_modules/nan/nan.h:458:12: error: no member named 'Clear' in 'v8::Persistent<v8::Object, v8::NonCopyablePersistentTraits<v8::Object> >'
    handle.Clear();
    ~~~~~~ ^
/Users/ShinnosukeKomiya/Dropbox/wtnvProject/cansatmapping/code/node_modules/browser-sync/node_modules/socket.io/node_modules/socket.io-client/node_modules/engine.io-client/node_modules/ws/node_modules/nan/nan.h:462:46: error: no member named 'NewSymbol' in 'v8::String'; did you mean 'IsSymbol'?
    return NanPersistentToLocal(handle)->Get(NanSymbol("callback"))
                                             ^~~~~~~~~~~~~~~~~~~~~
/Users/ShinnosukeKomiya/Dropbox/wtnvProject/cansatmapping/code/node_modules/browser-sync/node_modules/socket.io/node_modules/socket.io-client/node_modules/engine.io-client/node_modules/ws/node_modules/nan/nan.h:103:38: note: expanded from macro 'NanSymbol'
#define NanSymbol(value) v8::String::NewSymbol(value)
                         ~~~~~~~~~~~~^
/Users/ShinnosukeKomiya/.node-gyp/2.3.0/deps/v8/include/v8.h:1652:8: note: 'IsSymbol' declared here
  bool IsSymbol() const;
       ^
In file included from ../src/bufferutil.cc:15:
/Users/ShinnosukeKomiya/Dropbox/wtnvProject/cansatmapping/code/node_modules/browser-sync/node_modules/socket.io/node_modules/socket.io-client/node_modules/engine.io-client/node_modules/ws/node_modules/nan/nan.h:462:46: error: call to non-static member function without an object argument
    return NanPersistentToLocal(handle)->Get(NanSymbol("callback"))
                                             ^~~~~~~~~~~~~~~~~~~~~
/Users/ShinnosukeKomiya/Dropbox/wtnvProject/cansatmapping/code/node_modules/browser-sync/node_modules/socket.io/node_modules/socket.io-client/node_modules/engine.io-client/node_modules/ws/node_modules/nan/nan.h:103:38: note: expanded from macro 'NanSymbol'
#define NanSymbol(value) v8::String::NewSymbol(value)
                         ~~~~~~~~~~~~^~~~~~~~~
/Users/ShinnosukeKomiya/Dropbox/wtnvProject/cansatmapping/code/node_modules/browser-sync/node_modules/socket.io/node_modules/socket.io-client/node_modules/engine.io-client/node_modules/ws/node_modules/nan/nan.h:463:25: error: expected '(' for function-style cast or type construction
        .As<v8::Function>();
            ~~~~~~~~~~~~^
/Users/ShinnosukeKomiya/Dropbox/wtnvProject/cansatmapping/code/node_modules/browser-sync/node_modules/socket.io/node_modules/socket.io-client/node_modules/engine.io-client/node_modules/ws/node_modules/nan/nan.h:463:27: error: expected expression
        .As<v8::Function>();
                          ^
fatal error: too many errors emitted, stopping now [-ferror-limit=]
4 warnings and 20 errors generated.
make: *** [Release/obj.target/bufferutil/src/bufferutil.o] Error 1
gyp ERR! build error 
gyp ERR! stack Error: `make` failed with exit code: 2
gyp ERR! stack     at ChildProcess.onExit (/Users/ShinnosukeKomiya/.nodebrew/iojs/v2.3.0/lib/node_modules/npm/node_modules/node-gyp/lib/build.js:269:23)
gyp ERR! stack     at emitTwo (events.js:87:13)
gyp ERR! stack     at ChildProcess.emit (events.js:172:7)
gyp ERR! stack     at Process.ChildProcess._handle.onexit (internal/child_process.js:200:12)
gyp ERR! System Darwin 14.4.0
gyp ERR! command "/Users/ShinnosukeKomiya/.nodebrew/iojs/v2.3.0/bin/iojs" "/Users/ShinnosukeKomiya/.nodebrew/iojs/v2.3.0/lib/node_modules/npm/node_modules/node-gyp/bin/node-gyp.js" "rebuild"
gyp ERR! cwd /Users/ShinnosukeKomiya/Dropbox/wtnvProject/cansatmapping/code/node_modules/browser-sync/node_modules/socket.io/node_modules/socket.io-client/node_modules/engine.io-client/node_modules/ws
gyp ERR! node -v v2.3.0
gyp ERR! node-gyp -v v2.0.1
gyp ERR! not ok 
